# Elizabeth Vickerman- KeyCoffee Project
# Error logging file

08/01/2023 10:45:37 AM ('Error while connecting to sqlite: ', OperationalError('no such table: Menu_Cate_LU'))
08/14/2023 10:36:59 AM ('Error while connecting to sqlite: ', ProgrammingError("Error binding parameter 3: type 'builtin_function_or_method' is not supported"))
08/14/2023 10:37:15 AM ('Error while connecting to sqlite: ', ProgrammingError("Error binding parameter 3: type 'builtin_function_or_method' is not supported"))
08/14/2023 12:33:57 PM Error: NameError("name 'AdminMenu' is not defined")
08/14/2023 12:34:31 PM Error: NameError("name 'AdminMenu' is not defined")
08/14/2023 12:35:29 PM Error: NameError("name 'AdminMenu' is not defined")
08/14/2023 12:36:12 PM Error: NameError("name 'AdminMenu' is not defined")
08/14/2023 12:41:18 PM Error: TypeError('isinstance expected 2 arguments, got 1')
08/14/2023 12:42:19 PM Error: NameError("name 'AdminMenu' is not defined")
08/14/2023 12:45:04 PM Error: SystemError('<built-in function pop_container_stack> returned a result with an exception set')
08/14/2023 12:46:37 PM Error: SystemError('<built-in function pop_container_stack> returned a result with an exception set')
08/14/2023 03:00:06 PM Error: SystemError('<built-in function pop_container_stack> returned a result with an exception set')
08/14/2023 03:02:11 PM Error: SystemError('<built-in function pop_container_stack> returned a result with an exception set')
08/14/2023 03:03:59 PM Error: SystemError('<built-in function pop_container_stack> returned a result with an exception set')
08/14/2023 03:32:01 PM Error: NameError("name 'EditUser' is not defined")
08/14/2023 03:56:47 PM Error: SystemError('<built-in function pop_container_stack> returned a result with an exception set')
08/14/2023 04:08:14 PM Error: TypeError("object of type 'NoneType' has no len()")
08/14/2023 04:11:19 PM Error: TypeError("object of type 'NoneType' has no len()")
08/14/2023 04:13:31 PM Error: TypeError("object of type 'NoneType' has no len()")
08/15/2023 09:15:38 AM Error: SystemError('<built-in function pop_container_stack> returned a result with an exception set')
08/15/2023 10:51:23 AM Error: SystemError('<built-in function pop_container_stack> returned a result with an exception set')
08/15/2023 10:53:42 AM Error: SystemError('<built-in function pop_container_stack> returned a result with an exception set')
08/16/2023 11:59:17 AM ('Error while connecting to sqlite: ', OperationalError('no such column: Cost'))
08/16/2023 11:59:17 AM Error: TypeError("'OperationalError' object is not subscriptable")
08/16/2023 12:05:34 PM Error: TypeError('tuple indices must be integers or slices, not tuple')
08/16/2023 12:08:20 PM Error: TypeError('tuple indices must be integers or slices, not tuple')
08/16/2023 12:13:22 PM Error: IndexError('tuple index out of range')
08/16/2023 12:13:29 PM Error: IndexError('tuple index out of range')
08/16/2023 12:13:31 PM Error: IndexError('tuple index out of range')
08/16/2023 02:07:31 PM Error: TypeError("unsupported operand type(s) for +: 'float' and 'str'")
08/16/2023 02:27:43 PM Error: FileCreateError(PermissionError(13, 'Permission denied'))
08/16/2023 02:28:02 PM Error: FileCreateError(PermissionError(13, 'Permission denied'))
08/16/2023 02:44:04 PM Error: TypeError("'int' object is not subscriptable")
08/16/2023 02:44:06 PM Error: TypeError("'int' object is not subscriptable")
08/16/2023 02:44:07 PM Error: TypeError("'int' object is not subscriptable")
08/16/2023 02:44:18 PM Error: TypeError("'int' object is not subscriptable")
08/16/2023 02:44:21 PM Error: TypeError("'int' object is not subscriptable")
08/16/2023 02:44:23 PM Error: TypeError("'int' object is not subscriptable")
08/16/2023 02:44:25 PM Error: TypeError("'int' object is not subscriptable")
08/16/2023 02:46:46 PM ('Error while connecting to sqlite: ', OperationalError('no such column: ModTypeID'))
08/16/2023 02:46:46 PM Error: TypeError("float() argument must be a string or a real number, not 'OperationalError'")
08/16/2023 02:46:47 PM ('Error while connecting to sqlite: ', OperationalError('no such column: ModTypeID'))
08/16/2023 02:46:47 PM Error: TypeError("float() argument must be a string or a real number, not 'OperationalError'")
08/16/2023 02:46:48 PM ('Error while connecting to sqlite: ', OperationalError('no such column: ModTypeID'))
08/16/2023 02:46:48 PM Error: TypeError("float() argument must be a string or a real number, not 'OperationalError'")
08/16/2023 02:47:47 PM Error: IndexError('list index out of range')
08/16/2023 02:47:49 PM Error: IndexError('list index out of range')
08/16/2023 02:47:50 PM Error: IndexError('list index out of range')
08/16/2023 02:50:19 PM Error: IndexError('list index out of range')
08/16/2023 02:50:26 PM Error: IndexError('list index out of range')
08/16/2023 02:50:28 PM Error: IndexError('list index out of range')
08/16/2023 02:51:33 PM Error: TypeError("'int' object is not subscriptable")
08/16/2023 02:54:14 PM Error: IndexError('list index out of range')
08/16/2023 02:54:39 PM Error: IndexError('list index out of range')
08/16/2023 02:55:13 PM Error: IndexError('list index out of range')
08/16/2023 02:56:28 PM Error: IndexError('list index out of range')
08/16/2023 02:56:33 PM Error: IndexError('list index out of range')
08/16/2023 02:56:37 PM Error: IndexError('list index out of range')
08/16/2023 02:56:41 PM Error: IndexError('list index out of range')
08/16/2023 04:26:03 PM Error: TypeError("Unsupported type <class 'tuple'> in write()")
08/16/2023 04:28:38 PM Error: TypeError("Unsupported type <class 'tuple'> in write()")
08/16/2023 04:35:57 PM Error: TypeError("Unsupported type <class 'tuple'> in write()")
08/16/2023 04:38:01 PM Error: TypeError("Unsupported type <class 'tuple'> in write()")
08/16/2023 04:38:41 PM Error: TypeError("Unsupported type <class 'tuple'> in write()")
08/16/2023 04:39:15 PM Error: TypeError("Unsupported type <class 'tuple'> in write()")
